[2015-04-21 11:20:02,346][INFO ][node                     ] [elasticsearch_sola_node1] version[1.5.1], pid[41040], build[5e38401/2015-04-09T13:41:35Z]
[2015-04-21 11:20:02,366][INFO ][node                     ] [elasticsearch_sola_node1] initializing ...
[2015-04-21 11:23:22,037][INFO ][node                     ] [elasticsearch_sola_node1] version[1.5.1], pid[41410], build[5e38401/2015-04-09T13:41:35Z]
[2015-04-21 11:23:22,037][INFO ][node                     ] [elasticsearch_sola_node1] initializing ...
[2015-04-21 11:23:22,831][INFO ][plugins                  ] [elasticsearch_sola_node1] loaded [analysis-mmseg, analysis-pinyin, mapper-attachments, analysis-ik, analysis-combo, analysis-ansj, jetty, analysis-string2int, analysis-stconvert], sites [bigdesk, head, hq, inquisitor, kopf, oob, paramedic, segmentspy]
[2015-04-21 11:23:28,910][INFO ][node                     ] [elasticsearch_sola_node1] initialized
[2015-04-21 11:23:28,911][INFO ][node                     ] [elasticsearch_sola_node1] starting ...
[2015-04-21 11:23:29,052][INFO ][transport                ] [elasticsearch_sola_node1] bound_address {inet[/0:0:0:0:0:0:0:0:9302]}, publish_address {inet[/192.168.10.55:9302]}
[2015-04-21 11:23:29,095][INFO ][discovery                ] [elasticsearch_sola_node1] elasticsearch_sola/wCAQHY-7SG2Eh1DHN95REA
[2015-04-21 11:23:33,231][INFO ][cluster.service          ] [elasticsearch_sola_node1] new_master [elasticsearch_sola_node1][wCAQHY-7SG2Eh1DHN95REA][gaofengdeMacBook-Pro.local][inet[/192.168.10.55:9302]]{master=true}, reason: zen-disco-join (elected_as_master)
[2015-04-21 11:23:33,282][INFO ][http                     ] [elasticsearch_sola_node1] bound_address {inet[/0:0:0:0:0:0:0:0:9202]}, publish_address {inet[/192.168.10.55:9202]}
[2015-04-21 11:23:33,282][INFO ][node                     ] [elasticsearch_sola_node1] started
[2015-04-21 11:23:33,297][INFO ][gateway                  ] [elasticsearch_sola_node1] recovered [0] indices into cluster_state
[2015-04-21 11:23:40,059][INFO ][node                     ] [elasticsearch_sola_node1] stopping ...
[2015-04-21 11:23:40,091][INFO ][plugins                  ] [elasticsearch_sola_node1] loaded [analysis-mmseg, analysis-pinyin, mapper-attachments, analysis-ik, analysis-combo, analysis-ansj, jetty, analysis-string2int, analysis-stconvert], sites [bigdesk, head, hq, inquisitor, kopf, oob, paramedic, segmentspy]
[2015-04-21 11:23:40,417][INFO ][node                     ] [elasticsearch_sola_node1] stopped
[2015-04-21 11:23:40,417][INFO ][node                     ] [elasticsearch_sola_node1] closing ...
[2015-04-21 11:23:40,423][INFO ][node                     ] [elasticsearch_sola_node1] closed
[2015-04-21 11:25:37,510][INFO ][node                     ] [elasticsearch_sola_node1] version[1.5.1], pid[41841], build[5e38401/2015-04-09T13:41:35Z]
[2015-04-21 11:25:37,511][INFO ][node                     ] [elasticsearch_sola_node1] initializing ...
[2015-04-21 11:25:37,610][INFO ][plugins                  ] [elasticsearch_sola_node1] loaded [analysis-mmseg, analysis-pinyin, mapper-attachments, analysis-ik, analysis-combo, analysis-ansj, jetty, analysis-string2int, analysis-stconvert], sites [bigdesk, head, hq, inquisitor, kopf, oob, paramedic, segmentspy]
[2015-04-21 11:25:40,112][INFO ][node                     ] [elasticsearch_sola_node1] initialized
[2015-04-21 11:25:40,112][INFO ][node                     ] [elasticsearch_sola_node1] starting ...
[2015-04-21 11:25:40,212][INFO ][transport                ] [elasticsearch_sola_node1] bound_address {inet[/0:0:0:0:0:0:0:0:9302]}, publish_address {inet[/192.168.10.55:9302]}
[2015-04-21 11:25:40,228][INFO ][discovery                ] [elasticsearch_sola_node1] elasticsearch_sola/B2cuJmkXSS-ytgKkmjZ2ng
[2015-04-21 11:25:44,000][INFO ][cluster.service          ] [elasticsearch_sola_node1] new_master [elasticsearch_sola_node1][B2cuJmkXSS-ytgKkmjZ2ng][gaofengdeMacBook-Pro.local][inet[/192.168.10.55:9302]]{master=true}, reason: zen-disco-join (elected_as_master)
[2015-04-21 11:25:44,016][INFO ][http                     ] [elasticsearch_sola_node1] bound_address {inet[/0:0:0:0:0:0:0:0:9202]}, publish_address {inet[/192.168.10.55:9202]}
[2015-04-21 11:25:44,017][INFO ][node                     ] [elasticsearch_sola_node1] started
[2015-04-21 11:25:44,026][INFO ][gateway                  ] [elasticsearch_sola_node1] recovered [0] indices into cluster_state
[2015-04-21 11:52:51,121][INFO ][node                     ] [elasticsearch_sola_node1] stopping ...
[2015-04-21 11:52:51,181][INFO ][node                     ] [elasticsearch_sola_node1] stopped
[2015-04-21 11:52:51,181][INFO ][node                     ] [elasticsearch_sola_node1] closing ...
[2015-04-21 11:52:51,217][INFO ][node                     ] [elasticsearch_sola_node1] closed
[2015-04-21 11:53:59,405][INFO ][node                     ] [elasticsearch_sola_node1] version[1.5.1], pid[44350], build[5e38401/2015-04-09T13:41:35Z]
[2015-04-21 11:53:59,405][INFO ][node                     ] [elasticsearch_sola_node1] initializing ...
[2015-04-21 11:53:59,962][INFO ][plugins                  ] [elasticsearch_sola_node1] loaded [analysis-mmseg, analysis-pinyin, mapper-attachments, analysis-ik, analysis-combo, analysis-ansj, jetty, analysis-string2int, analysis-stconvert], sites [bigdesk, head, hq, inquisitor, kopf, oob, paramedic, segmentspy]
[2015-04-21 11:54:05,715][ERROR][bootstrap                ] Exception
org.elasticsearch.common.inject.CreationException: Guice creation errors:

1) Error in custom provider, java.lang.IllegalArgumentException: argument type mismatch
  while locating org.elasticsearch.http.HttpServer

1 error
	at org.elasticsearch.common.inject.internal.Errors.throwCreationExceptionIfErrorsExist(Errors.java:344)
	at org.elasticsearch.common.inject.InjectorBuilder.injectDynamically(InjectorBuilder.java:178)
	at org.elasticsearch.common.inject.InjectorBuilder.build(InjectorBuilder.java:110)
	at org.elasticsearch.common.inject.Guice.createInjector(Guice.java:93)
	at org.elasticsearch.common.inject.Guice.createInjector(Guice.java:70)
	at org.elasticsearch.common.inject.ModulesBuilder.createInjector(ModulesBuilder.java:59)
	at org.elasticsearch.node.internal.InternalNode.<init>(InternalNode.java:203)
	at org.elasticsearch.node.NodeBuilder.build(NodeBuilder.java:159)
	at org.elasticsearch.bootstrap.Bootstrap.setup(Bootstrap.java:70)
	at org.elasticsearch.bootstrap.Bootstrap.main(Bootstrap.java:213)
	at org.elasticsearch.bootstrap.ElasticsearchF.main(ElasticsearchF.java:34)
	at sun.reflect.NativeMethodAccessorImpl.invoke0(Native Method)
	at sun.reflect.NativeMethodAccessorImpl.invoke(NativeMethodAccessorImpl.java:57)
	at sun.reflect.DelegatingMethodAccessorImpl.invoke(DelegatingMethodAccessorImpl.java:43)
	at java.lang.reflect.Method.invoke(Method.java:606)
	at org.tanukisoftware.wrapper.WrapperSimpleApp.run(WrapperSimpleApp.java:290)
	at java.lang.Thread.run(Thread.java:745)
Caused by: java.lang.IllegalArgumentException: argument type mismatch
	at sun.reflect.NativeConstructorAccessorImpl.newInstance0(Native Method)
	at sun.reflect.NativeConstructorAccessorImpl.newInstance(NativeConstructorAccessorImpl.java:57)
	at sun.reflect.DelegatingConstructorAccessorImpl.newInstance(DelegatingConstructorAccessorImpl.java:45)
	at java.lang.reflect.Constructor.newInstance(Constructor.java:526)
	at org.elasticsearch.common.inject.DefaultConstructionProxyFactory$1.newInstance(DefaultConstructionProxyFactory.java:54)
	at org.elasticsearch.common.inject.ConstructorInjector.construct(ConstructorInjector.java:86)
	at org.elasticsearch.common.inject.ConstructorBindingImpl$Factory.get(ConstructorBindingImpl.java:98)
	at org.elasticsearch.common.inject.ProviderToInternalFactoryAdapter$1.call(ProviderToInternalFactoryAdapter.java:45)
	at org.elasticsearch.common.inject.InjectorImpl.callInContext(InjectorImpl.java:837)
	at org.elasticsearch.common.inject.ProviderToInternalFactoryAdapter.get(ProviderToInternalFactoryAdapter.java:42)
	at org.elasticsearch.common.inject.Scopes$1$1.get(Scopes.java:57)
	at org.elasticsearch.common.inject.InternalFactoryToProviderAdapter.get(InternalFactoryToProviderAdapter.java:45)
	at org.elasticsearch.common.inject.InjectorBuilder$1.call(InjectorBuilder.java:200)
	at org.elasticsearch.common.inject.InjectorBuilder$1.call(InjectorBuilder.java:193)
	at org.elasticsearch.common.inject.InjectorImpl.callInContext(InjectorImpl.java:830)
	at org.elasticsearch.common.inject.InjectorBuilder.loadEagerSingletons(InjectorBuilder.java:193)
	at org.elasticsearch.common.inject.InjectorBuilder.injectDynamically(InjectorBuilder.java:175)
	... 15 more
[2015-04-21 11:56:08,580][INFO ][node                     ] [elasticsearch_sola_node1] version[1.5.1], pid[44599], build[5e38401/2015-04-09T13:41:35Z]
[2015-04-21 11:56:08,580][INFO ][node                     ] [elasticsearch_sola_node1] initializing ...
[2015-04-21 11:56:08,676][INFO ][plugins                  ] [elasticsearch_sola_node1] loaded [analysis-mmseg, analysis-pinyin, mapper-attachments, analysis-ik, analysis-combo, analysis-ansj, jetty, analysis-string2int, analysis-stconvert], sites [bigdesk, head, hq, inquisitor, kopf, oob, paramedic, segmentspy]
[2015-04-21 11:56:11,137][ERROR][bootstrap                ] Exception
org.elasticsearch.common.inject.CreationException: Guice creation errors:

1) Error in custom provider, java.lang.IllegalArgumentException: argument type mismatch
  while locating org.elasticsearch.http.HttpServer

1 error
	at org.elasticsearch.common.inject.internal.Errors.throwCreationExceptionIfErrorsExist(Errors.java:344)
	at org.elasticsearch.common.inject.InjectorBuilder.injectDynamically(InjectorBuilder.java:178)
	at org.elasticsearch.common.inject.InjectorBuilder.build(InjectorBuilder.java:110)
	at org.elasticsearch.common.inject.Guice.createInjector(Guice.java:93)
	at org.elasticsearch.common.inject.Guice.createInjector(Guice.java:70)
	at org.elasticsearch.common.inject.ModulesBuilder.createInjector(ModulesBuilder.java:59)
	at org.elasticsearch.node.internal.InternalNode.<init>(InternalNode.java:203)
	at org.elasticsearch.node.NodeBuilder.build(NodeBuilder.java:159)
	at org.elasticsearch.bootstrap.Bootstrap.setup(Bootstrap.java:70)
	at org.elasticsearch.bootstrap.Bootstrap.main(Bootstrap.java:213)
	at org.elasticsearch.bootstrap.ElasticsearchF.main(ElasticsearchF.java:34)
	at sun.reflect.NativeMethodAccessorImpl.invoke0(Native Method)
	at sun.reflect.NativeMethodAccessorImpl.invoke(NativeMethodAccessorImpl.java:57)
	at sun.reflect.DelegatingMethodAccessorImpl.invoke(DelegatingMethodAccessorImpl.java:43)
	at java.lang.reflect.Method.invoke(Method.java:606)
	at org.tanukisoftware.wrapper.WrapperSimpleApp.run(WrapperSimpleApp.java:290)
	at java.lang.Thread.run(Thread.java:745)
Caused by: java.lang.IllegalArgumentException: argument type mismatch
	at sun.reflect.NativeConstructorAccessorImpl.newInstance0(Native Method)
	at sun.reflect.NativeConstructorAccessorImpl.newInstance(NativeConstructorAccessorImpl.java:57)
	at sun.reflect.DelegatingConstructorAccessorImpl.newInstance(DelegatingConstructorAccessorImpl.java:45)
	at java.lang.reflect.Constructor.newInstance(Constructor.java:526)
	at org.elasticsearch.common.inject.DefaultConstructionProxyFactory$1.newInstance(DefaultConstructionProxyFactory.java:54)
	at org.elasticsearch.common.inject.ConstructorInjector.construct(ConstructorInjector.java:86)
	at org.elasticsearch.common.inject.ConstructorBindingImpl$Factory.get(ConstructorBindingImpl.java:98)
	at org.elasticsearch.common.inject.ProviderToInternalFactoryAdapter$1.call(ProviderToInternalFactoryAdapter.java:45)
	at org.elasticsearch.common.inject.InjectorImpl.callInContext(InjectorImpl.java:837)
	at org.elasticsearch.common.inject.ProviderToInternalFactoryAdapter.get(ProviderToInternalFactoryAdapter.java:42)
	at org.elasticsearch.common.inject.Scopes$1$1.get(Scopes.java:57)
	at org.elasticsearch.common.inject.InternalFactoryToProviderAdapter.get(InternalFactoryToProviderAdapter.java:45)
	at org.elasticsearch.common.inject.InjectorBuilder$1.call(InjectorBuilder.java:200)
	at org.elasticsearch.common.inject.InjectorBuilder$1.call(InjectorBuilder.java:193)
	at org.elasticsearch.common.inject.InjectorImpl.callInContext(InjectorImpl.java:830)
	at org.elasticsearch.common.inject.InjectorBuilder.loadEagerSingletons(InjectorBuilder.java:193)
	at org.elasticsearch.common.inject.InjectorBuilder.injectDynamically(InjectorBuilder.java:175)
	... 15 more
[2015-04-21 11:56:34,366][INFO ][node                     ] [elasticsearch_sola_node1] version[1.5.1], pid[44693], build[5e38401/2015-04-09T13:41:35Z]
[2015-04-21 11:56:34,367][INFO ][node                     ] [elasticsearch_sola_node1] initializing ...
[2015-04-21 11:56:34,462][INFO ][plugins                  ] [elasticsearch_sola_node1] loaded [analysis-mmseg, analysis-pinyin, mapper-attachments, analysis-ik, analysis-combo, analysis-ansj, jetty, analysis-string2int, analysis-stconvert], sites [bigdesk, head, hq, inquisitor, kopf, oob, paramedic, segmentspy]
[2015-04-21 11:56:36,967][INFO ][node                     ] [elasticsearch_sola_node1] initialized
[2015-04-21 11:56:36,967][INFO ][node                     ] [elasticsearch_sola_node1] starting ...
[2015-04-21 11:56:37,134][INFO ][transport                ] [elasticsearch_sola_node1] bound_address {inet[/0:0:0:0:0:0:0:0:9302]}, publish_address {inet[/192.168.10.55:9302]}
[2015-04-21 11:56:37,167][INFO ][discovery                ] [elasticsearch_sola_node1] elasticsearch_sola/d50vtHp6Sk6I_3pEHt104w
[2015-04-21 11:56:41,288][INFO ][cluster.service          ] [elasticsearch_sola_node1] new_master [elasticsearch_sola_node1][d50vtHp6Sk6I_3pEHt104w][gaofengdeMacBook-Pro.local][inet[/192.168.10.55:9302]]{master=true}, reason: zen-disco-join (elected_as_master)
[2015-04-21 11:56:41,332][INFO ][http                     ] [elasticsearch_sola_node1] bound_address {inet[/0:0:0:0:0:0:0:0:9202]}, publish_address {inet[/192.168.10.55:9202]}
[2015-04-21 11:56:41,332][INFO ][node                     ] [elasticsearch_sola_node1] started
[2015-04-21 11:56:41,347][INFO ][gateway                  ] [elasticsearch_sola_node1] recovered [0] indices into cluster_state
[2015-04-21 11:57:23,269][INFO ][node                     ] [elasticsearch_sola_node1] stopping ...
[2015-04-21 11:57:23,285][INFO ][node                     ] [elasticsearch_sola_node1] stopped
[2015-04-21 11:57:23,285][INFO ][node                     ] [elasticsearch_sola_node1] closing ...
[2015-04-21 11:57:23,290][INFO ][node                     ] [elasticsearch_sola_node1] closed
[2015-04-21 11:58:31,802][INFO ][node                     ] [elasticsearch_sola_node1] version[1.5.1], pid[44981], build[5e38401/2015-04-09T13:41:35Z]
[2015-04-21 11:58:31,802][INFO ][node                     ] [elasticsearch_sola_node1] initializing ...
[2015-04-21 11:58:31,900][INFO ][plugins                  ] [elasticsearch_sola_node1] loaded [analysis-mmseg, analysis-pinyin, mapper-attachments, analysis-ik, analysis-combo, analysis-ansj, jetty, analysis-string2int, analysis-stconvert], sites [bigdesk, head, hq, inquisitor, kopf, oob, paramedic, segmentspy]
[2015-04-21 11:58:34,517][ERROR][bootstrap                ] Exception
org.elasticsearch.common.inject.CreationException: Guice creation errors:

1) Error in custom provider, java.lang.IllegalArgumentException: argument type mismatch
  while locating org.elasticsearch.http.HttpServer

1 error
	at org.elasticsearch.common.inject.internal.Errors.throwCreationExceptionIfErrorsExist(Errors.java:344)
	at org.elasticsearch.common.inject.InjectorBuilder.injectDynamically(InjectorBuilder.java:178)
	at org.elasticsearch.common.inject.InjectorBuilder.build(InjectorBuilder.java:110)
	at org.elasticsearch.common.inject.Guice.createInjector(Guice.java:93)
	at org.elasticsearch.common.inject.Guice.createInjector(Guice.java:70)
	at org.elasticsearch.common.inject.ModulesBuilder.createInjector(ModulesBuilder.java:59)
	at org.elasticsearch.node.internal.InternalNode.<init>(InternalNode.java:203)
	at org.elasticsearch.node.NodeBuilder.build(NodeBuilder.java:159)
	at org.elasticsearch.bootstrap.Bootstrap.setup(Bootstrap.java:70)
	at org.elasticsearch.bootstrap.Bootstrap.main(Bootstrap.java:213)
	at org.elasticsearch.bootstrap.ElasticsearchF.main(ElasticsearchF.java:34)
	at sun.reflect.NativeMethodAccessorImpl.invoke0(Native Method)
	at sun.reflect.NativeMethodAccessorImpl.invoke(NativeMethodAccessorImpl.java:57)
	at sun.reflect.DelegatingMethodAccessorImpl.invoke(DelegatingMethodAccessorImpl.java:43)
	at java.lang.reflect.Method.invoke(Method.java:606)
	at org.tanukisoftware.wrapper.WrapperSimpleApp.run(WrapperSimpleApp.java:290)
	at java.lang.Thread.run(Thread.java:745)
Caused by: java.lang.IllegalArgumentException: argument type mismatch
	at sun.reflect.NativeConstructorAccessorImpl.newInstance0(Native Method)
	at sun.reflect.NativeConstructorAccessorImpl.newInstance(NativeConstructorAccessorImpl.java:57)
	at sun.reflect.DelegatingConstructorAccessorImpl.newInstance(DelegatingConstructorAccessorImpl.java:45)
	at java.lang.reflect.Constructor.newInstance(Constructor.java:526)
	at org.elasticsearch.common.inject.DefaultConstructionProxyFactory$1.newInstance(DefaultConstructionProxyFactory.java:54)
	at org.elasticsearch.common.inject.ConstructorInjector.construct(ConstructorInjector.java:86)
	at org.elasticsearch.common.inject.ConstructorBindingImpl$Factory.get(ConstructorBindingImpl.java:98)
	at org.elasticsearch.common.inject.ProviderToInternalFactoryAdapter$1.call(ProviderToInternalFactoryAdapter.java:45)
	at org.elasticsearch.common.inject.InjectorImpl.callInContext(InjectorImpl.java:837)
	at org.elasticsearch.common.inject.ProviderToInternalFactoryAdapter.get(ProviderToInternalFactoryAdapter.java:42)
	at org.elasticsearch.common.inject.Scopes$1$1.get(Scopes.java:57)
	at org.elasticsearch.common.inject.InternalFactoryToProviderAdapter.get(InternalFactoryToProviderAdapter.java:45)
	at org.elasticsearch.common.inject.InjectorBuilder$1.call(InjectorBuilder.java:200)
	at org.elasticsearch.common.inject.InjectorBuilder$1.call(InjectorBuilder.java:193)
	at org.elasticsearch.common.inject.InjectorImpl.callInContext(InjectorImpl.java:830)
	at org.elasticsearch.common.inject.InjectorBuilder.loadEagerSingletons(InjectorBuilder.java:193)
	at org.elasticsearch.common.inject.InjectorBuilder.injectDynamically(InjectorBuilder.java:175)
	... 15 more
[2015-04-21 12:01:17,527][INFO ][node                     ] [elasticsearch_sola_node1] version[1.5.1], pid[45340], build[5e38401/2015-04-09T13:41:35Z]
[2015-04-21 12:01:17,527][INFO ][node                     ] [elasticsearch_sola_node1] initializing ...
[2015-04-21 12:01:17,620][INFO ][plugins                  ] [elasticsearch_sola_node1] loaded [analysis-mmseg, analysis-pinyin, mapper-attachments, analysis-ik, analysis-combo, analysis-ansj, jetty, analysis-string2int, analysis-stconvert], sites [bigdesk, head, hq, inquisitor, kopf, oob, paramedic, segmentspy]
[2015-04-21 12:01:20,055][ERROR][bootstrap                ] Exception
org.elasticsearch.common.inject.CreationException: Guice creation errors:

1) Error in custom provider, java.lang.IllegalArgumentException: argument type mismatch
  while locating org.elasticsearch.http.HttpServer

1 error
	at org.elasticsearch.common.inject.internal.Errors.throwCreationExceptionIfErrorsExist(Errors.java:344)
	at org.elasticsearch.common.inject.InjectorBuilder.injectDynamically(InjectorBuilder.java:178)
	at org.elasticsearch.common.inject.InjectorBuilder.build(InjectorBuilder.java:110)
	at org.elasticsearch.common.inject.Guice.createInjector(Guice.java:93)
	at org.elasticsearch.common.inject.Guice.createInjector(Guice.java:70)
	at org.elasticsearch.common.inject.ModulesBuilder.createInjector(ModulesBuilder.java:59)
	at org.elasticsearch.node.internal.InternalNode.<init>(InternalNode.java:203)
	at org.elasticsearch.node.NodeBuilder.build(NodeBuilder.java:159)
	at org.elasticsearch.bootstrap.Bootstrap.setup(Bootstrap.java:70)
	at org.elasticsearch.bootstrap.Bootstrap.main(Bootstrap.java:213)
	at org.elasticsearch.bootstrap.ElasticsearchF.main(ElasticsearchF.java:34)
	at sun.reflect.NativeMethodAccessorImpl.invoke0(Native Method)
	at sun.reflect.NativeMethodAccessorImpl.invoke(NativeMethodAccessorImpl.java:57)
	at sun.reflect.DelegatingMethodAccessorImpl.invoke(DelegatingMethodAccessorImpl.java:43)
	at java.lang.reflect.Method.invoke(Method.java:606)
	at org.tanukisoftware.wrapper.WrapperSimpleApp.run(WrapperSimpleApp.java:290)
	at java.lang.Thread.run(Thread.java:745)
Caused by: java.lang.IllegalArgumentException: argument type mismatch
	at sun.reflect.NativeConstructorAccessorImpl.newInstance0(Native Method)
	at sun.reflect.NativeConstructorAccessorImpl.newInstance(NativeConstructorAccessorImpl.java:57)
	at sun.reflect.DelegatingConstructorAccessorImpl.newInstance(DelegatingConstructorAccessorImpl.java:45)
	at java.lang.reflect.Constructor.newInstance(Constructor.java:526)
	at org.elasticsearch.common.inject.DefaultConstructionProxyFactory$1.newInstance(DefaultConstructionProxyFactory.java:54)
	at org.elasticsearch.common.inject.ConstructorInjector.construct(ConstructorInjector.java:86)
	at org.elasticsearch.common.inject.ConstructorBindingImpl$Factory.get(ConstructorBindingImpl.java:98)
	at org.elasticsearch.common.inject.ProviderToInternalFactoryAdapter$1.call(ProviderToInternalFactoryAdapter.java:45)
	at org.elasticsearch.common.inject.InjectorImpl.callInContext(InjectorImpl.java:837)
	at org.elasticsearch.common.inject.ProviderToInternalFactoryAdapter.get(ProviderToInternalFactoryAdapter.java:42)
	at org.elasticsearch.common.inject.Scopes$1$1.get(Scopes.java:57)
	at org.elasticsearch.common.inject.InternalFactoryToProviderAdapter.get(InternalFactoryToProviderAdapter.java:45)
	at org.elasticsearch.common.inject.InjectorBuilder$1.call(InjectorBuilder.java:200)
	at org.elasticsearch.common.inject.InjectorBuilder$1.call(InjectorBuilder.java:193)
	at org.elasticsearch.common.inject.InjectorImpl.callInContext(InjectorImpl.java:830)
	at org.elasticsearch.common.inject.InjectorBuilder.loadEagerSingletons(InjectorBuilder.java:193)
	at org.elasticsearch.common.inject.InjectorBuilder.injectDynamically(InjectorBuilder.java:175)
	... 15 more
[2015-04-21 12:07:22,080][INFO ][node                     ] [elasticsearch_sola_node1] version[1.5.1], pid[45920], build[5e38401/2015-04-09T13:41:35Z]
[2015-04-21 12:07:22,090][INFO ][node                     ] [elasticsearch_sola_node1] initializing ...
[2015-04-21 12:07:22,858][INFO ][plugins                  ] [elasticsearch_sola_node1] loaded [analysis-mmseg, analysis-pinyin, mapper-attachments, analysis-ik, analysis-combo, analysis-ansj, jetty, analysis-string2int, analysis-stconvert], sites [bigdesk, head, hq, inquisitor, kopf, oob, paramedic, segmentspy]
[2015-04-21 12:07:28,865][ERROR][bootstrap                ] Exception
org.elasticsearch.common.inject.CreationException: Guice creation errors:

1) Error in custom provider, java.lang.IllegalArgumentException: argument type mismatch
  while locating org.elasticsearch.http.HttpServer

1 error
	at org.elasticsearch.common.inject.internal.Errors.throwCreationExceptionIfErrorsExist(Errors.java:344)
	at org.elasticsearch.common.inject.InjectorBuilder.injectDynamically(InjectorBuilder.java:178)
	at org.elasticsearch.common.inject.InjectorBuilder.build(InjectorBuilder.java:110)
	at org.elasticsearch.common.inject.Guice.createInjector(Guice.java:93)
	at org.elasticsearch.common.inject.Guice.createInjector(Guice.java:70)
	at org.elasticsearch.common.inject.ModulesBuilder.createInjector(ModulesBuilder.java:59)
	at org.elasticsearch.node.internal.InternalNode.<init>(InternalNode.java:203)
	at org.elasticsearch.node.NodeBuilder.build(NodeBuilder.java:159)
	at org.elasticsearch.bootstrap.Bootstrap.setup(Bootstrap.java:70)
	at org.elasticsearch.bootstrap.Bootstrap.main(Bootstrap.java:213)
	at org.elasticsearch.bootstrap.ElasticsearchF.main(ElasticsearchF.java:34)
	at sun.reflect.NativeMethodAccessorImpl.invoke0(Native Method)
	at sun.reflect.NativeMethodAccessorImpl.invoke(NativeMethodAccessorImpl.java:57)
	at sun.reflect.DelegatingMethodAccessorImpl.invoke(DelegatingMethodAccessorImpl.java:43)
	at java.lang.reflect.Method.invoke(Method.java:606)
	at org.tanukisoftware.wrapper.WrapperSimpleApp.run(WrapperSimpleApp.java:290)
	at java.lang.Thread.run(Thread.java:745)
Caused by: java.lang.IllegalArgumentException: argument type mismatch
	at sun.reflect.NativeConstructorAccessorImpl.newInstance0(Native Method)
	at sun.reflect.NativeConstructorAccessorImpl.newInstance(NativeConstructorAccessorImpl.java:57)
	at sun.reflect.DelegatingConstructorAccessorImpl.newInstance(DelegatingConstructorAccessorImpl.java:45)
	at java.lang.reflect.Constructor.newInstance(Constructor.java:526)
	at org.elasticsearch.common.inject.DefaultConstructionProxyFactory$1.newInstance(DefaultConstructionProxyFactory.java:54)
	at org.elasticsearch.common.inject.ConstructorInjector.construct(ConstructorInjector.java:86)
	at org.elasticsearch.common.inject.ConstructorBindingImpl$Factory.get(ConstructorBindingImpl.java:98)
	at org.elasticsearch.common.inject.ProviderToInternalFactoryAdapter$1.call(ProviderToInternalFactoryAdapter.java:45)
	at org.elasticsearch.common.inject.InjectorImpl.callInContext(InjectorImpl.java:837)
	at org.elasticsearch.common.inject.ProviderToInternalFactoryAdapter.get(ProviderToInternalFactoryAdapter.java:42)
	at org.elasticsearch.common.inject.Scopes$1$1.get(Scopes.java:57)
	at org.elasticsearch.common.inject.InternalFactoryToProviderAdapter.get(InternalFactoryToProviderAdapter.java:45)
	at org.elasticsearch.common.inject.InjectorBuilder$1.call(InjectorBuilder.java:200)
	at org.elasticsearch.common.inject.InjectorBuilder$1.call(InjectorBuilder.java:193)
	at org.elasticsearch.common.inject.InjectorImpl.callInContext(InjectorImpl.java:830)
	at org.elasticsearch.common.inject.InjectorBuilder.loadEagerSingletons(InjectorBuilder.java:193)
	at org.elasticsearch.common.inject.InjectorBuilder.injectDynamically(InjectorBuilder.java:175)
	... 15 more
